<?xml version="1.0" encoding="UTF-8"?>
<!-- Generated by org.testng.reporters.JUnitReportReporter -->
<testsuite hostname="Confluxsyss-Mac-mini-2.local" name="com.github.fge.jsonpatch.diffcustom.TestJsonDiffCustom" tests="8" failures="0" timestamp="5 Oct 2017 07:30:08 GMT" time="0.102" errors="0">
  <testcase name="testArrayOperation" time="0.081" classname="com.github.fge.jsonpatch.diffcustom.TestJsonDiffCustom"/>
  <testcase name="testArrayOperation" time="0.002" classname="com.github.fge.jsonpatch.diffcustom.TestJsonDiffCustom"/>
  <testcase name="testArrayOperation" time="0.003" classname="com.github.fge.jsonpatch.diffcustom.TestJsonDiffCustom"/>
  <testcase name="testArrayOperation" time="0.002" classname="com.github.fge.jsonpatch.diffcustom.TestJsonDiffCustom"/>
  <testcase name="testArrayOperation" time="0.002" classname="com.github.fge.jsonpatch.diffcustom.TestJsonDiffCustom"/>
  <testcase name="testArrayOperation" time="0.005" classname="com.github.fge.jsonpatch.diffcustom.TestJsonDiffCustom"/>
  <testcase name="testArrayOperation" time="0.005" classname="com.github.fge.jsonpatch.diffcustom.TestJsonDiffCustom"/>
  <testcase name="testArrayOperation" time="0.002" classname="com.github.fge.jsonpatch.diffcustom.TestJsonDiffCustom"/>
</testsuite> <!-- com.github.fge.jsonpatch.diffcustom.TestJsonDiffCustom -->
