<?xml version="1.0" encoding="UTF-8"?>
<!-- Generated by org.testng.reporters.JUnitReportReporter -->
<testsuite hostname="Confluxsyss-Mac-mini-2.local" name="com.github.fge.jsonpatch.patchcustom.TestRemoveJsonPatch" tests="3" failures="0" timestamp="27 Oct 2017 09:14:46 GMT" time="0.129" errors="0">
  <testcase name="testRemoveCompleteArrayPatch" time="0.003" classname="com.github.fge.jsonpatch.patchcustom.TestRemoveJsonPatch"/>
  <testcase name="testRemoveObjectPatch" time="0.003" classname="com.github.fge.jsonpatch.patchcustom.TestRemoveJsonPatch"/>
  <testcase name="testRemoveFieldPatch" time="0.123" classname="com.github.fge.jsonpatch.patchcustom.TestRemoveJsonPatch"/>
</testsuite> <!-- com.github.fge.jsonpatch.patchcustom.TestRemoveJsonPatch -->
