<?xml version="1.0" encoding="UTF-8"?>
<!-- Generated by org.testng.reporters.JUnitReportReporter -->
<testsuite hostname="Confluxsyss-Mac-mini-2.local" name="com.github.fge.jsonpatch.diffcustom.TestJsonDiff" tests="7" failures="0" timestamp="5 Oct 2017 11:16:25 GMT" time="0.086" errors="0">
  <testcase name="Computing" time="0.004" classname="com.github.fge.jsonpatch.diffcustom.TestJsonDiff"/>
  <testcase name="Computing" time="0.003" classname="com.github.fge.jsonpatch.diffcustom.TestJsonDiff"/>
  <testcase name="Computing" time="0.007" classname="com.github.fge.jsonpatch.diffcustom.TestJsonDiff"/>
  <testcase name="Computing" time="0.010" classname="com.github.fge.jsonpatch.diffcustom.TestJsonDiff"/>
  <testcase name="Computing" time="0.055" classname="com.github.fge.jsonpatch.diffcustom.TestJsonDiff"/>
  <testcase name="Computing" time="0.003" classname="com.github.fge.jsonpatch.diffcustom.TestJsonDiff"/>
  <testcase name="Computing" time="0.004" classname="com.github.fge.jsonpatch.diffcustom.TestJsonDiff"/>
</testsuite> <!-- com.github.fge.jsonpatch.diffcustom.TestJsonDiff -->
