<?xml version="1.0" encoding="UTF-8"?>
<!-- Generated by org.testng.reporters.JUnitReportReporter -->
<testsuite hostname="Confluxsyss-Mac-mini-2.local" name="com.github.fge.jsonpatch.diffcustom.TestJsonDiffCustom" tests="3" failures="0" timestamp="4 Oct 2017 13:40:31 GMT" time="0.084" errors="0">
  <testcase name="testArrayOperation" time="0.003" classname="com.github.fge.jsonpatch.diffcustom.TestJsonDiffCustom"/>
  <testcase name="testArrayOperation" time="0.012" classname="com.github.fge.jsonpatch.diffcustom.TestJsonDiffCustom"/>
  <testcase name="testArrayOperation" time="0.069" classname="com.github.fge.jsonpatch.diffcustom.TestJsonDiffCustom"/>
</testsuite> <!-- com.github.fge.jsonpatch.diffcustom.TestJsonDiffCustom -->
