<?xml version="1.0" encoding="UTF-8"?>
<!-- Generated by org.testng.reporters.JUnitReportReporter -->
<testsuite hostname="Bolt.local" name="com.github.fge.jsonpatch.patchcustom.TestAddOperations" tests="1" failures="0" timestamp="31 Oct 2017 12:22:44 GMT" time="0.146" errors="0">
  <testcase name="testAddNonExistingPathOperation" time="0.146" classname="com.github.fge.jsonpatch.patchcustom.TestAddOperations"/>
</testsuite> <!-- com.github.fge.jsonpatch.patchcustom.TestAddOperations -->
