<?xml version="1.0" encoding="UTF-8"?>
<!-- Generated by org.testng.reporters.JUnitReportReporter -->
<testsuite hostname="Confluxsyss-Mac-mini-2.local" name="com.github.fge.jsonpatch.diff.JsonDiffTest" tests="28" failures="0" timestamp="29 Sep 2017 11:37:45 GMT" time="0.221" errors="0">
  <testcase name="generatedPatchAppliesCleanly" time="0.006" classname="com.github.fge.jsonpatch.diff.JsonDiffTest"/>
  <testcase name="generatedPatchAppliesCleanly" time="0.001" classname="com.github.fge.jsonpatch.diff.JsonDiffTest"/>
  <testcase name="generatedPatchesAreWhatIsExpected" time="0.004" classname="com.github.fge.jsonpatch.diff.JsonDiffTest"/>
  <testcase name="generatedPatchAppliesCleanly" time="0.091" classname="com.github.fge.jsonpatch.diff.JsonDiffTest"/>
  <testcase name="generatedPatchAppliesCleanly" time="0.015" classname="com.github.fge.jsonpatch.diff.JsonDiffTest"/>
  <testcase name="generatedPatchesAreWhatIsExpected" time="0.006" classname="com.github.fge.jsonpatch.diff.JsonDiffTest"/>
  <testcase name="generatedPatchesAreWhatIsExpected" time="0.007" classname="com.github.fge.jsonpatch.diff.JsonDiffTest"/>
  <testcase name="generatedPatchesAreWhatIsExpected" time="0.006" classname="com.github.fge.jsonpatch.diff.JsonDiffTest"/>
  <testcase name="generatedPatchesAreWhatIsExpected" time="0.017" classname="com.github.fge.jsonpatch.diff.JsonDiffTest"/>
  <testcase name="generatedPatchAppliesCleanly" time="0.001" classname="com.github.fge.jsonpatch.diff.JsonDiffTest"/>
  <testcase name="generatedPatchesAreWhatIsExpected" time="0.002" classname="com.github.fge.jsonpatch.diff.JsonDiffTest"/>
  <testcase name="generatedPatchAppliesCleanly" time="0.002" classname="com.github.fge.jsonpatch.diff.JsonDiffTest"/>
  <testcase name="generatedPatchAppliesCleanly" time="0.007" classname="com.github.fge.jsonpatch.diff.JsonDiffTest"/>
  <testcase name="generatedPatchAppliesCleanly" time="0.002" classname="com.github.fge.jsonpatch.diff.JsonDiffTest"/>
  <testcase name="generatedPatchesAreWhatIsExpected" time="0.005" classname="com.github.fge.jsonpatch.diff.JsonDiffTest"/>
  <testcase name="generatedPatchAppliesCleanly" time="0.001" classname="com.github.fge.jsonpatch.diff.JsonDiffTest"/>
  <testcase name="generatedPatchesAreWhatIsExpected" time="0.002" classname="com.github.fge.jsonpatch.diff.JsonDiffTest"/>
  <testcase name="generatedPatchAppliesCleanly" time="0.001" classname="com.github.fge.jsonpatch.diff.JsonDiffTest"/>
  <testcase name="generatedPatchesAreWhatIsExpected" time="0.002" classname="com.github.fge.jsonpatch.diff.JsonDiffTest"/>
  <testcase name="generatedPatchesAreWhatIsExpected" time="0.018" classname="com.github.fge.jsonpatch.diff.JsonDiffTest"/>
  <testcase name="generatedPatchAppliesCleanly" time="0.013" classname="com.github.fge.jsonpatch.diff.JsonDiffTest"/>
  <testcase name="generatedPatchesAreWhatIsExpected" time="0.001" classname="com.github.fge.jsonpatch.diff.JsonDiffTest"/>
  <testcase name="generatedPatchAppliesCleanly" time="0.002" classname="com.github.fge.jsonpatch.diff.JsonDiffTest"/>
  <testcase name="generatedPatchesAreWhatIsExpected" time="0.002" classname="com.github.fge.jsonpatch.diff.JsonDiffTest"/>
  <testcase name="generatedPatchAppliesCleanly" time="0.001" classname="com.github.fge.jsonpatch.diff.JsonDiffTest"/>
  <testcase name="generatedPatchAppliesCleanly" time="0.002" classname="com.github.fge.jsonpatch.diff.JsonDiffTest"/>
  <testcase name="generatedPatchesAreWhatIsExpected" time="0.002" classname="com.github.fge.jsonpatch.diff.JsonDiffTest"/>
  <testcase name="generatedPatchesAreWhatIsExpected" time="0.002" classname="com.github.fge.jsonpatch.diff.JsonDiffTest"/>
</testsuite> <!-- com.github.fge.jsonpatch.diff.JsonDiffTest -->
