<?xml version="1.0" encoding="UTF-8"?>
<!-- Generated by org.testng.reporters.JUnitReportReporter -->
<testsuite hostname="Confluxsyss-Mac-mini-2.local" name="com.github.fge.jsonpatch.AddOperationTest" tests="12" failures="0" timestamp="24 Oct 2017 06:41:11 GMT" time="0.117" errors="0">
  <testcase name="operationsYieldExpectedResults" time="0.001" classname="com.github.fge.jsonpatch.AddOperationTest"/>
  <testcase name="operationsYieldExpectedResults" time="0.002" classname="com.github.fge.jsonpatch.AddOperationTest"/>
  <testcase name="operationsYieldExpectedResults" time="0.002" classname="com.github.fge.jsonpatch.AddOperationTest"/>
  <testcase name="operationsYieldExpectedResults" time="0.006" classname="com.github.fge.jsonpatch.AddOperationTest"/>
  <testcase name="errorsAreCorrectlyReported" time="0.087" classname="com.github.fge.jsonpatch.AddOperationTest"/>
  <testcase name="errorsAreCorrectlyReported" time="0.004" classname="com.github.fge.jsonpatch.AddOperationTest"/>
  <testcase name="errorsAreCorrectlyReported" time="0.002" classname="com.github.fge.jsonpatch.AddOperationTest"/>
  <testcase name="operationsYieldExpectedResults" time="0.002" classname="com.github.fge.jsonpatch.AddOperationTest"/>
  <testcase name="errorsAreCorrectlyReported" time="0.002" classname="com.github.fge.jsonpatch.AddOperationTest"/>
  <testcase name="operationsYieldExpectedResults" time="0.001" classname="com.github.fge.jsonpatch.AddOperationTest"/>
  <testcase name="errorsAreCorrectlyReported" time="0.001" classname="com.github.fge.jsonpatch.AddOperationTest"/>
  <testcase name="operationsYieldExpectedResults" time="0.007" classname="com.github.fge.jsonpatch.AddOperationTest"/>
</testsuite> <!-- com.github.fge.jsonpatch.AddOperationTest -->
