<?xml version="1.0" encoding="UTF-8"?>
<!-- Generated by org.testng.reporters.JUnitReportReporter -->
<testsuite hostname="Bolt.local" name="com.github.fge.jsonpatch.patchcustom.TestRemoveOperations" tests="3" failures="0" timestamp="31 Oct 2017 10:03:25 GMT" time="0.221" errors="0">
  <testcase name="testRemoveCompleteArrayOpeation" time="0.003" classname="com.github.fge.jsonpatch.patchcustom.TestRemoveOperations"/>
  <testcase name="testRemoveFieldOpeation" time="0.214" classname="com.github.fge.jsonpatch.patchcustom.TestRemoveOperations"/>
  <testcase name="testRemoveObjectOpeation" time="0.004" classname="com.github.fge.jsonpatch.patchcustom.TestRemoveOperations"/>
</testsuite> <!-- com.github.fge.jsonpatch.patchcustom.TestRemoveOperations -->
