<?xml version="1.0" encoding="UTF-8"?>
<!-- Generated by org.testng.reporters.JUnitReportReporter -->
<testsuite hostname="Bolt.local" name="com.github.fge.jsonpatch.patchcustom.TestRemoveOperations" tests="2" failures="0" timestamp="30 Oct 2017 11:53:51 GMT" time="0.119" errors="0">
  <testcase name="testRemoveObjectOpeation" time="0.116" classname="com.github.fge.jsonpatch.patchcustom.TestRemoveOperations"/>
  <testcase name="testRemoveCompleteArrayOpeation" time="0.003" classname="com.github.fge.jsonpatch.patchcustom.TestRemoveOperations"/>
</testsuite> <!-- com.github.fge.jsonpatch.patchcustom.TestRemoveOperations -->
