<?xml version="1.0" encoding="UTF-8"?>
<!-- Generated by org.testng.reporters.JUnitReportReporter -->
<testsuite hostname="Bolt.local" name="com.github.fge.jsonpatch.patchcustom.TestAddOperations" tests="6" failures="0" timestamp="30 Oct 2017 11:53:46 GMT" time="0.133" errors="0">
  <testcase name="testAddDuplicateArrayObjectOperation" time="0.003" classname="com.github.fge.jsonpatch.patchcustom.TestAddOperations"/>
  <testcase name="testAddNonExistingPathOperation" time="0.003" classname="com.github.fge.jsonpatch.patchcustom.TestAddOperations"/>
  <testcase name="testAddCompleteArrayOperation" time="0.005" classname="com.github.fge.jsonpatch.patchcustom.TestAddOperations"/>
  <testcase name="testAddDuplicateObjectOperation" time="0.003" classname="com.github.fge.jsonpatch.patchcustom.TestAddOperations"/>
  <testcase name="testAddObjectOperation" time="0.003" classname="com.github.fge.jsonpatch.patchcustom.TestAddOperations"/>
  <testcase name="testAddFieldOperation" time="0.116" classname="com.github.fge.jsonpatch.patchcustom.TestAddOperations"/>
</testsuite> <!-- com.github.fge.jsonpatch.patchcustom.TestAddOperations -->
