<?xml version="1.0" encoding="UTF-8"?>
<!-- Generated by org.testng.reporters.JUnitReportReporter -->
<testsuite hostname="Bolt.local" name="com.github.fge.jsonpatch.patchcustom.TestReplaceOperations" tests="3" failures="0" timestamp="31 Oct 2017 10:02:33 GMT" time="0.139" errors="0">
  <testcase name="testReplaceObjectOpeation" time="0.004" classname="com.github.fge.jsonpatch.patchcustom.TestReplaceOperations"/>
  <testcase name="testReplaceFieldOpeation" time="0.132" classname="com.github.fge.jsonpatch.patchcustom.TestReplaceOperations"/>
  <testcase name="testReplaceCompleteArrayOpeation" time="0.003" classname="com.github.fge.jsonpatch.patchcustom.TestReplaceOperations"/>
</testsuite> <!-- com.github.fge.jsonpatch.patchcustom.TestReplaceOperations -->
