<?xml version="1.0" encoding="UTF-8"?>
<!-- Generated by org.testng.reporters.JUnitReportReporter -->
<testsuite hostname="Bolt.local" name="com.github.fge.jsonpatch.AddOperationTest" tests="11" failures="0" timestamp="31 Oct 2017 11:16:37 GMT" time="0.093" errors="0">
  <testcase name="operationsYieldExpectedResults" time="0.003" classname="com.github.fge.jsonpatch.AddOperationTest"/>
  <testcase name="operationsYieldExpectedResults" time="0.001" classname="com.github.fge.jsonpatch.AddOperationTest"/>
  <testcase name="operationsYieldExpectedResults" time="0.012" classname="com.github.fge.jsonpatch.AddOperationTest"/>
  <testcase name="operationsYieldExpectedResults" time="0.002" classname="com.github.fge.jsonpatch.AddOperationTest"/>
  <testcase name="operationsYieldExpectedResults" time="0.006" classname="com.github.fge.jsonpatch.AddOperationTest"/>
  <testcase name="operationsYieldExpectedResults" time="0.002" classname="com.github.fge.jsonpatch.AddOperationTest"/>
  <testcase name="errorsAreCorrectlyReported" time="0.003" classname="com.github.fge.jsonpatch.AddOperationTest"/>
  <testcase name="errorsAreCorrectlyReported" time="0.054" classname="com.github.fge.jsonpatch.AddOperationTest"/>
  <testcase name="operationsYieldExpectedResults" time="0.002" classname="com.github.fge.jsonpatch.AddOperationTest"/>
  <testcase name="operationsYieldExpectedResults" time="0.004" classname="com.github.fge.jsonpatch.AddOperationTest"/>
  <testcase name="operationsYieldExpectedResults" time="0.004" classname="com.github.fge.jsonpatch.AddOperationTest"/>
</testsuite> <!-- com.github.fge.jsonpatch.AddOperationTest -->
