<?xml version="1.0" encoding="UTF-8"?>
<!-- Generated by org.testng.reporters.JUnitReportReporter -->
<testsuite hostname="Confluxsyss-Mac-mini-2.local" name="com.github.fge.jsonpatch.diffcustom.TestJsonDiff" tests="9" failures="0" timestamp="29 Sep 2017 11:38:40 GMT" time="0.094" errors="0">
  <testcase name="Computing" time="0.003" classname="com.github.fge.jsonpatch.diffcustom.TestJsonDiff"/>
  <testcase name="Computing" time="0.054" classname="com.github.fge.jsonpatch.diffcustom.TestJsonDiff"/>
  <testcase name="Computing" time="0.013" classname="com.github.fge.jsonpatch.diffcustom.TestJsonDiff"/>
  <testcase name="Computing" time="0.003" classname="com.github.fge.jsonpatch.diffcustom.TestJsonDiff"/>
  <testcase name="Computing" time="0.004" classname="com.github.fge.jsonpatch.diffcustom.TestJsonDiff"/>
  <testcase name="testBugFixWhileOldStateArrayAndNewStateNull" time="0.006" classname="com.github.fge.jsonpatch.diffcustom.TestJsonDiff"/>
  <testcase name="testBugFixWhileOldStateNullAndNewStateArray" time="0.004" classname="com.github.fge.jsonpatch.diffcustom.TestJsonDiff"/>
  <testcase name="Computing" time="0.004" classname="com.github.fge.jsonpatch.diffcustom.TestJsonDiff"/>
  <testcase name="Computing" time="0.003" classname="com.github.fge.jsonpatch.diffcustom.TestJsonDiff"/>
</testsuite> <!-- com.github.fge.jsonpatch.diffcustom.TestJsonDiff -->
