<?xml version="1.0" encoding="UTF-8"?>
<!-- Generated by org.testng.reporters.JUnitReportReporter -->
<testsuite hostname="Bolt.local" name="com.github.fge.jsonpatch.JsonPatchTestSuite" tests="54" failures="0" timestamp="31 Oct 2017 10:14:35 GMT" time="0.236" errors="0">
  <testcase name="testsFromTestSuitePass" time="0.002" classname="com.github.fge.jsonpatch.JsonPatchTestSuite"/>
  <testcase name="testsFromTestSuitePass" time="0.002" classname="com.github.fge.jsonpatch.JsonPatchTestSuite"/>
  <testcase name="testsFromTestSuitePass" time="0.015" classname="com.github.fge.jsonpatch.JsonPatchTestSuite"/>
  <testcase name="testsFromTestSuitePass" time="0.001" classname="com.github.fge.jsonpatch.JsonPatchTestSuite"/>
  <testcase name="testsFromTestSuitePass" time="0.004" classname="com.github.fge.jsonpatch.JsonPatchTestSuite"/>
  <testcase name="testsFromTestSuitePass" time="0.001" classname="com.github.fge.jsonpatch.JsonPatchTestSuite"/>
  <testcase name="testsFromTestSuitePass" time="0.001" classname="com.github.fge.jsonpatch.JsonPatchTestSuite"/>
  <testcase name="testsFromTestSuitePass" time="0.001" classname="com.github.fge.jsonpatch.JsonPatchTestSuite"/>
  <testcase name="testsFromTestSuitePass" time="0.002" classname="com.github.fge.jsonpatch.JsonPatchTestSuite"/>
  <testcase name="testsFromTestSuitePass" time="0.006" classname="com.github.fge.jsonpatch.JsonPatchTestSuite"/>
  <testcase name="testsFromTestSuitePass" time="0.017" classname="com.github.fge.jsonpatch.JsonPatchTestSuite"/>
  <testcase name="testsFromTestSuitePass" time="0.002" classname="com.github.fge.jsonpatch.JsonPatchTestSuite"/>
  <testcase name="testsFromTestSuitePass" time="0.002" classname="com.github.fge.jsonpatch.JsonPatchTestSuite"/>
  <testcase name="testsFromTestSuitePass" time="0.001" classname="com.github.fge.jsonpatch.JsonPatchTestSuite"/>
  <testcase name="testsFromTestSuitePass" time="0.002" classname="com.github.fge.jsonpatch.JsonPatchTestSuite"/>
  <testcase name="testsFromTestSuitePass" time="0.001" classname="com.github.fge.jsonpatch.JsonPatchTestSuite"/>
  <testcase name="testsFromTestSuitePass" time="0.002" classname="com.github.fge.jsonpatch.JsonPatchTestSuite"/>
  <testcase name="testsFromTestSuitePass" time="0.004" classname="com.github.fge.jsonpatch.JsonPatchTestSuite"/>
  <testcase name="testsFromTestSuitePass" time="0.004" classname="com.github.fge.jsonpatch.JsonPatchTestSuite"/>
  <testcase name="testsFromTestSuitePass" time="0.052" classname="com.github.fge.jsonpatch.JsonPatchTestSuite"/>
  <testcase name="testsFromTestSuitePass" time="0.002" classname="com.github.fge.jsonpatch.JsonPatchTestSuite"/>
  <testcase name="testsFromTestSuitePass" time="0.002" classname="com.github.fge.jsonpatch.JsonPatchTestSuite"/>
  <testcase name="testsFromTestSuitePass" time="0.002" classname="com.github.fge.jsonpatch.JsonPatchTestSuite"/>
  <testcase name="testsFromTestSuitePass" time="0.008" classname="com.github.fge.jsonpatch.JsonPatchTestSuite"/>
  <testcase name="testsFromTestSuitePass" time="0.002" classname="com.github.fge.jsonpatch.JsonPatchTestSuite"/>
  <testcase name="testsFromTestSuitePass" time="0.013" classname="com.github.fge.jsonpatch.JsonPatchTestSuite"/>
  <testcase name="testsFromTestSuitePass" time="0.008" classname="com.github.fge.jsonpatch.JsonPatchTestSuite"/>
  <testcase name="testsFromTestSuitePass" time="0.002" classname="com.github.fge.jsonpatch.JsonPatchTestSuite"/>
  <testcase name="testsFromTestSuitePass" time="0.001" classname="com.github.fge.jsonpatch.JsonPatchTestSuite"/>
  <testcase name="testsFromTestSuitePass" time="0.003" classname="com.github.fge.jsonpatch.JsonPatchTestSuite"/>
  <testcase name="testsFromTestSuitePass" time="0.002" classname="com.github.fge.jsonpatch.JsonPatchTestSuite"/>
  <testcase name="testsFromTestSuitePass" time="0.002" classname="com.github.fge.jsonpatch.JsonPatchTestSuite"/>
  <testcase name="testsFromTestSuitePass" time="0.006" classname="com.github.fge.jsonpatch.JsonPatchTestSuite"/>
  <testcase name="testsFromTestSuitePass" time="0.001" classname="com.github.fge.jsonpatch.JsonPatchTestSuite"/>
  <testcase name="testsFromTestSuitePass" time="0.005" classname="com.github.fge.jsonpatch.JsonPatchTestSuite"/>
  <testcase name="testsFromTestSuitePass" time="0.002" classname="com.github.fge.jsonpatch.JsonPatchTestSuite"/>
  <testcase name="testsFromTestSuitePass" time="0.001" classname="com.github.fge.jsonpatch.JsonPatchTestSuite"/>
  <testcase name="testsFromTestSuitePass" time="0.000" classname="com.github.fge.jsonpatch.JsonPatchTestSuite"/>
  <testcase name="testsFromTestSuitePass" time="0.001" classname="com.github.fge.jsonpatch.JsonPatchTestSuite"/>
  <testcase name="testsFromTestSuitePass" time="0.004" classname="com.github.fge.jsonpatch.JsonPatchTestSuite"/>
  <testcase name="testsFromTestSuitePass" time="0.000" classname="com.github.fge.jsonpatch.JsonPatchTestSuite"/>
  <testcase name="testsFromTestSuitePass" time="0.002" classname="com.github.fge.jsonpatch.JsonPatchTestSuite"/>
  <testcase name="testsFromTestSuitePass" time="0.001" classname="com.github.fge.jsonpatch.JsonPatchTestSuite"/>
  <testcase name="testsFromTestSuitePass" time="0.002" classname="com.github.fge.jsonpatch.JsonPatchTestSuite"/>
  <testcase name="testsFromTestSuitePass" time="0.001" classname="com.github.fge.jsonpatch.JsonPatchTestSuite"/>
  <testcase name="testsFromTestSuitePass" time="0.003" classname="com.github.fge.jsonpatch.JsonPatchTestSuite"/>
  <testcase name="testsFromTestSuitePass" time="0.002" classname="com.github.fge.jsonpatch.JsonPatchTestSuite"/>
  <testcase name="testsFromTestSuitePass" time="0.007" classname="com.github.fge.jsonpatch.JsonPatchTestSuite"/>
  <testcase name="testsFromTestSuitePass" time="0.002" classname="com.github.fge.jsonpatch.JsonPatchTestSuite"/>
  <testcase name="testsFromTestSuitePass" time="0.002" classname="com.github.fge.jsonpatch.JsonPatchTestSuite"/>
  <testcase name="testsFromTestSuitePass" time="0.001" classname="com.github.fge.jsonpatch.JsonPatchTestSuite"/>
  <testcase name="testsFromTestSuitePass" time="0.002" classname="com.github.fge.jsonpatch.JsonPatchTestSuite"/>
  <testcase name="testsFromTestSuitePass" time="0.020" classname="com.github.fge.jsonpatch.JsonPatchTestSuite"/>
  <testcase name="testsFromTestSuitePass" time="0.002" classname="com.github.fge.jsonpatch.JsonPatchTestSuite"/>
</testsuite> <!-- com.github.fge.jsonpatch.JsonPatchTestSuite -->
