<?xml version="1.0" encoding="UTF-8"?>
<!-- Generated by org.testng.reporters.JUnitReportReporter -->
<testsuite hostname="Confluxsyss-Mac-mini-2.local" name="com.github.fge.jsonpatch.JsonPatchTest" tests="4" failures="0" timestamp="24 Oct 2017 06:43:28 GMT" time="0.140" errors="0">
  <testcase name="nullInputsDuringBuildAreRejected" time="0.003" classname="com.github.fge.jsonpatch.JsonPatchTest"/>
  <testcase name="whenOneOperationFailsNextOperationIsNotCalled" time="0.005" classname="com.github.fge.jsonpatch.JsonPatchTest"/>
  <testcase name="cannotPatchNull" time="0.098" classname="com.github.fge.jsonpatch.JsonPatchTest"/>
  <testcase name="operationsAreCalledInOrder" time="0.034" classname="com.github.fge.jsonpatch.JsonPatchTest"/>
</testsuite> <!-- com.github.fge.jsonpatch.JsonPatchTest -->
